<?xml version="1.0" encoding="UTF-8"?>
<!-- Generated by org.testng.reporters.JUnitReportReporter -->
<testsuite skipped="0" hostname="BDC8-DX-3XYKX52" name="seleniumwd.First" tests="1" failures="0" timestamp="17 Jul 2018 07:03:35 GMT" time="15.627" errors="0">
  <testcase name="testlogin" time="15.627" classname="seleniumwd.First"/>
</testsuite> <!-- seleniumwd.First -->
